[02-Jan-2018 06:54:00 UTC] PHP Fatal error:  Uncaught Error: Class 'DavidNineRoc\Qrcode\QrCodePlus' not found in F:\phpStudy\WWW\qrcodeplus\index.php:8
Stack trace:
#0 {main}
  thrown in F:\phpStudy\WWW\qrcodeplus\index.php on line 8
[02-Jan-2018 06:54:30 UTC] PHP Fatal error:  Uncaught Error: Call to undefined method DavidNineRoc\Qrcode\QrCodePlus::setMargin() in F:\phpStudy\WWW\qrcodeplus\index.php:10
Stack trace:
#0 {main}
  thrown in F:\phpStudy\WWW\qrcodeplus\index.php on line 10
[02-Jan-2018 06:55:29 UTC] PHP Fatal error:  Uncaught Error: Call to undefined method DavidNineRoc\Qrcode\QrCodePlus::setMargin() in F:\phpStudy\WWW\qrcodeplus\index.php:10
Stack trace:
#0 {main}
  thrown in F:\phpStudy\WWW\qrcodeplus\index.php on line 10
[02-Jan-2018 06:55:30 UTC] PHP Fatal error:  Uncaught Error: Call to undefined method DavidNineRoc\Qrcode\QrCodePlus::setMargin() in F:\phpStudy\WWW\qrcodeplus\index.php:10
Stack trace:
#0 {main}
  thrown in F:\phpStudy\WWW\qrcodeplus\index.php on line 10
[02-Jan-2018 06:55:32 UTC] PHP Fatal error:  Uncaught Error: Call to undefined method DavidNineRoc\Qrcode\QrCodePlus::setMargin() in F:\phpStudy\WWW\qrcodeplus\index.php:10
Stack trace:
#0 {main}
  thrown in F:\phpStudy\WWW\qrcodeplus\index.php on line 10
[02-Jan-2018 06:56:09 UTC] PHP Fatal error:  Uncaught Error: Call to undefined method DavidNineRoc\Qrcode\QrCodePlus::setMargin() in F:\phpStudy\WWW\qrcodeplus\index.php:10
Stack trace:
#0 {main}
  thrown in F:\phpStudy\WWW\qrcodeplus\index.php on line 10
[02-Jan-2018 06:56:10 UTC] PHP Fatal error:  Uncaught Error: Call to undefined method DavidNineRoc\Qrcode\QrCodePlus::setMargin() in F:\phpStudy\WWW\qrcodeplus\index.php:10
Stack trace:
#0 {main}
  thrown in F:\phpStudy\WWW\qrcodeplus\index.php on line 10
[02-Jan-2018 06:56:10 UTC] PHP Fatal error:  Uncaught Error: Call to undefined method DavidNineRoc\Qrcode\QrCodePlus::setMargin() in F:\phpStudy\WWW\qrcodeplus\index.php:10
Stack trace:
#0 {main}
  thrown in F:\phpStudy\WWW\qrcodeplus\index.php on line 10
[02-Jan-2018 06:56:11 UTC] PHP Fatal error:  Uncaught Error: Call to undefined method DavidNineRoc\Qrcode\QrCodePlus::setMargin() in F:\phpStudy\WWW\qrcodeplus\index.php:10
Stack trace:
#0 {main}
  thrown in F:\phpStudy\WWW\qrcodeplus\index.php on line 10
[02-Jan-2018 06:56:11 UTC] PHP Fatal error:  Uncaught Error: Call to undefined method DavidNineRoc\Qrcode\QrCodePlus::setMargin() in F:\phpStudy\WWW\qrcodeplus\index.php:10
Stack trace:
#0 {main}
  thrown in F:\phpStudy\WWW\qrcodeplus\index.php on line 10
[02-Jan-2018 06:56:11 UTC] PHP Fatal error:  Uncaught Error: Call to undefined method DavidNineRoc\Qrcode\QrCodePlus::setMargin() in F:\phpStudy\WWW\qrcodeplus\index.php:10
Stack trace:
#0 {main}
  thrown in F:\phpStudy\WWW\qrcodeplus\index.php on line 10
[02-Jan-2018 06:56:11 UTC] PHP Fatal error:  Uncaught Error: Call to undefined method DavidNineRoc\Qrcode\QrCodePlus::setMargin() in F:\phpStudy\WWW\qrcodeplus\index.php:10
Stack trace:
#0 {main}
  thrown in F:\phpStudy\WWW\qrcodeplus\index.php on line 10
[02-Jan-2018 06:57:31 UTC] PHP Fatal error:  Uncaught Error: Call to undefined method DavidNineRoc\Qrcode\QrCodePlus::setPadding() in F:\phpStudy\WWW\qrcodeplus\index.php:10
Stack trace:
#0 {main}
  thrown in F:\phpStudy\WWW\qrcodeplus\index.php on line 10
[02-Jan-2018 06:57:32 UTC] PHP Fatal error:  Uncaught Error: Call to undefined method DavidNineRoc\Qrcode\QrCodePlus::setPadding() in F:\phpStudy\WWW\qrcodeplus\index.php:10
Stack trace:
#0 {main}
  thrown in F:\phpStudy\WWW\qrcodeplus\index.php on line 10
[02-Jan-2018 06:57:32 UTC] PHP Fatal error:  Uncaught Error: Call to undefined method DavidNineRoc\Qrcode\QrCodePlus::setPadding() in F:\phpStudy\WWW\qrcodeplus\index.php:10
Stack trace:
#0 {main}
  thrown in F:\phpStudy\WWW\qrcodeplus\index.php on line 10
[02-Jan-2018 06:57:33 UTC] PHP Fatal error:  Uncaught Error: Call to undefined method DavidNineRoc\Qrcode\QrCodePlus::setPadding() in F:\phpStudy\WWW\qrcodeplus\index.php:10
Stack trace:
#0 {main}
  thrown in F:\phpStudy\WWW\qrcodeplus\index.php on line 10
[02-Jan-2018 06:57:34 UTC] PHP Fatal error:  Uncaught Error: Call to undefined method DavidNineRoc\Qrcode\QrCodePlus::setPadding() in F:\phpStudy\WWW\qrcodeplus\index.php:10
Stack trace:
#0 {main}
  thrown in F:\phpStudy\WWW\qrcodeplus\index.php on line 10
[02-Jan-2018 06:57:58 UTC] PHP Fatal error:  Uncaught Error: Call to undefined method DavidNineRoc\Qrcode\QrCodePlus::setPadding() in F:\phpStudy\WWW\qrcodeplus\index.php:10
Stack trace:
#0 {main}
  thrown in F:\phpStudy\WWW\qrcodeplus\index.php on line 10
[02-Jan-2018 06:57:59 UTC] PHP Fatal error:  Uncaught Error: Call to undefined method DavidNineRoc\Qrcode\QrCodePlus::setPadding() in F:\phpStudy\WWW\qrcodeplus\index.php:10
Stack trace:
#0 {main}
  thrown in F:\phpStudy\WWW\qrcodeplus\index.php on line 10
[02-Jan-2018 06:58:01 UTC] PHP Fatal error:  Uncaught Error: Call to undefined method DavidNineRoc\Qrcode\QrCodePlus::setPadding() in F:\phpStudy\WWW\qrcodeplus\index.php:10
Stack trace:
#0 {main}
  thrown in F:\phpStudy\WWW\qrcodeplus\index.php on line 10
[02-Jan-2018 06:58:05 UTC] PHP Fatal error:  Uncaught Error: Call to undefined method DavidNineRoc\Qrcode\QrCodePlus::get() in F:\phpStudy\WWW\qrcodeplus\src\QrCodePlus.php:26
Stack trace:
#0 F:\phpStudy\WWW\qrcodeplus\index.php(20): DavidNineRoc\Qrcode\QrCodePlus->build(Array)
#1 {main}
  thrown in F:\phpStudy\WWW\qrcodeplus\src\QrCodePlus.php on line 26
[02-Jan-2018 06:58:06 UTC] PHP Fatal error:  Uncaught Error: Call to undefined method DavidNineRoc\Qrcode\QrCodePlus::get() in F:\phpStudy\WWW\qrcodeplus\src\QrCodePlus.php:26
Stack trace:
#0 F:\phpStudy\WWW\qrcodeplus\index.php(20): DavidNineRoc\Qrcode\QrCodePlus->build(Array)
#1 {main}
  thrown in F:\phpStudy\WWW\qrcodeplus\src\QrCodePlus.php on line 26
[02-Jan-2018 06:59:05 UTC] PHP Fatal error:  Uncaught Error: Class 'Waitmoonman\Qrcode\Factory\MultipleColor' not found in F:\phpStudy\WWW\qrcodeplus\src\Factory.php:57
Stack trace:
#0 F:\phpStudy\WWW\qrcodeplus\src\QrCodePlus.php(29): DavidNineRoc\Qrcode\Factory::getInstance('\x89PNG\r\n\x1A\n\x00\x00\x00\rIHD...', Array)
#1 F:\phpStudy\WWW\qrcodeplus\index.php(20): DavidNineRoc\Qrcode\QrCodePlus->build(Array)
#2 {main}
  thrown in F:\phpStudy\WWW\qrcodeplus\src\Factory.php on line 57
